{"level":"error","message":{"mensaje":"Contraseña no válida!!","res":0}}
{"level":"error","message":{"mensaje":"Contraseña no válida!!","res":0}}
{"level":"error","message":"Open: error: la sintaxis de entrada no es válida para integer: «undefined»"}
{"level":"error","message":"Se produjo un error en la funcion Empresas: listarCab TypeError: Cannot read properties of undefined (reading 'rows')"}
{"level":"error","message":"Open: error: la sintaxis de entrada no es válida para integer: «undefined»"}
{"level":"error","message":"Se produjo un error en la funcion Empresas: listarCab TypeError: Cannot read properties of undefined (reading 'rows')"}
{"level":"error","message":"Open: error: la sintaxis de entrada no es válida para integer: «undefined»"}
{"level":"error","message":"Se produjo un error en la funcion Empresas: listarCab TypeError: Cannot read properties of undefined (reading 'rows')"}
{"level":"error","message":"Open: error: la sintaxis de entrada no es válida para integer: «undefined»"}
{"level":"error","message":"Se produjo un error en la funcion Empresas: listarCab TypeError: Cannot read properties of undefined (reading 'rows')"}
{"level":"error","message":"Open: error: la sintaxis de entrada no es válida para integer: «undefined»"}
{"level":"error","message":"Se produjo un error en la funcion Empresas: listarCab TypeError: Cannot read properties of undefined (reading 'rows')"}
{"level":"error","message":"Open: error: la sintaxis de entrada no es válida para integer: «undefined»"}
{"level":"error","message":"Se produjo un error en la funcion Empresas: listarCab TypeError: Cannot read properties of undefined (reading 'rows')"}
{"level":"error","message":"Open: error: la sintaxis de entrada no es válida para integer: «undefined»"}
{"level":"error","message":"Se produjo un error en la funcion Empresas: listarCab TypeError: Cannot read properties of undefined (reading 'rows')"}
{"level":"error","message":"Open: error: la sintaxis de entrada no es válida para integer: «undefined»"}
{"level":"error","message":"Se produjo un error en la funcion Empresas: listarCab TypeError: Cannot read properties of undefined (reading 'rows')"}
{"level":"error","message":"Open: error: la sintaxis de entrada no es válida para integer: «undefined»"}
{"level":"error","message":"Se produjo un error en la funcion Empresas: listarCab TypeError: Cannot read properties of undefined (reading 'rows')"}
{"level":"error","message":"Open: error: la sintaxis de entrada no es válida para integer: «undefined»"}
{"level":"error","message":"Se produjo un error en la funcion Empresas: listarCab TypeError: Cannot read properties of undefined (reading 'rows')"}
{"level":"error","message":{"mensaje":"Contraseña no válida!!","res":0}}
{"level":"error","message":"se produjo un error en la funcion de la autenticacion TypeError: Cannot read properties of undefined (reading 'status')"}
{"level":"error","message":"se produjo un error en la funcion de la autenticacion TypeError: Cannot read properties of undefined (reading 'status')"}
{"level":"error","message":"se produjo un error en la funcion de la autenticacion TypeError: Cannot read properties of undefined (reading 'status')"}
{"level":"error","message":"se produjo un error en la funcion de la autenticacion TypeError: Cannot read properties of undefined (reading 'status')"}
{"level":"error","message":"Open: error: no se pudo determinar el tipo del parámetro $3"}
{"level":"error","message":"Se produjo un error en la funcion Empresas: listarCab TypeError: Cannot read properties of undefined (reading 'rows')"}
{"level":"error","message":"Open: error: no se pudo determinar el tipo del parámetro $3"}
{"level":"error","message":"Se produjo un error en la funcion Empresas: listarCab TypeError: Cannot read properties of undefined (reading 'rows')"}
{"level":"error","message":"Open: error: no se pudo determinar el tipo del parámetro $3"}
{"level":"error","message":"Se produjo un error en la funcion Empresas: listarCab TypeError: Cannot read properties of undefined (reading 'rows')"}
{"level":"error","message":"Open: error: no se pudo determinar el tipo del parámetro $3"}
{"level":"error","message":"Se produjo un error en la funcion Empresas: listarCab TypeError: Cannot read properties of undefined (reading 'rows')"}
{"level":"error","message":"Open: error: error de sintaxis en o cerca de «AND»"}
{"level":"error","message":"Se produjo un error en la funcion Empresas: listarCab TypeError: Cannot read properties of undefined (reading 'rows')"}
{"level":"error","message":"Open: error: error de sintaxis en o cerca de «AND»"}
{"level":"error","message":"Se produjo un error en la funcion Empresas: listarCab TypeError: Cannot read properties of undefined (reading 'rows')"}
{"level":"error","message":"Open: error: error de sintaxis en o cerca de «AND»"}
{"level":"error","message":"Se produjo un error en la funcion Empresas: listarCab TypeError: Cannot read properties of undefined (reading 'rows')"}
{"level":"error","message":"Open: error: error de sintaxis en o cerca de «AND»"}
{"level":"error","message":"Se produjo un error en la funcion Empresas: listarCab TypeError: Cannot read properties of undefined (reading 'rows')"}
{"level":"error","message":{"mensaje":"Contraseña no válida!!","res":0}}
{"level":"error","message":{"mensaje":"Contraseña no válida!!","res":0}}
{"level":"error","message":{"mensaje":"Contraseña no válida!!","res":0}}
{"level":"error","message":{"mensaje":"Contraseña no válida!!","res":0}}
{"level":"error","message":{"mensaje":"Contraseña no válida!!","res":0}}
{"level":"error","message":{"mensaje":"Contraseña no válida!!","res":0}}
{"level":"error","message":{"mensaje":"EL usuario no existe en la base de datos","res":0}}
