{"level":"info","message":"ruta: /admin/acercade/cabecera - ::1 - [22-06-2024 10:52]"}
{"level":"info","message":"ruta: /admin/acercade/idserial/1 - ::1 - [22-06-2024 10:53]"}
{"level":"info","message":"ruta: /admin/acercade - ::1 - [22-06-2024 10:53]"}
{"level":"info","message":"ruta: /admin/acercade/upload/img/ACERCADE/acercade-img2.jpg - ::1 - [22-06-2024 10:53]"}
{"level":"info","message":"ruta: /admin/acercade/cabecera - ::1 - [22-06-2024 10:53]"}
{"level":"info","message":"ruta: /admin/acercade/activarForm - ::1 - [22-06-2024 10:53]"}
{"level":"info","message":"ruta: /admin/acercade/cabecera - ::1 - [22-06-2024 10:53]"}
{"level":"info","message":"ruta: /admin/acercade - ::1 - [22-06-2024 10:55]"}
{"level":"info","message":"ruta: /admin/acercade/upload/img/ACERCADE/acercade-img2.jpg - ::1 - [22-06-2024 10:55]"}
{"level":"info","message":"ruta: /admin/acercade/cabecera - ::1 - [22-06-2024 10:55]"}
{"level":"info","message":"ruta: /admin/acercade - ::1 - [22-06-2024 10:55]"}
{"level":"info","message":"ruta: /admin/acercade/upload/img/ACERCADE/acercade-img2.jpg - ::1 - [22-06-2024 10:55]"}
{"level":"info","message":"ruta: /admin/acercade - ::1 - [22-06-2024 10:55]"}
{"level":"info","message":"ruta: /admin/acercade/upload/img/ACERCADE/acercade-img2.jpg - ::1 - [22-06-2024 10:55]"}
{"level":"info","message":"ruta: /admin/acercade/activarForm - ::1 - [22-06-2024 10:56]"}
{"level":"info","message":"ruta: /admin/acercade/cabecera - ::1 - [22-06-2024 10:56]"}
{"level":"info","message":"ruta: /admin/acercade/cabecera - ::1 - [22-06-2024 10:56]"}
{"level":"info","message":"ruta: /admin/acercade - ::1 - [22-06-2024 10:58]"}
{"level":"info","message":"ruta: /admin/acercade/cabecera - ::1 - [22-06-2024 10:58]"}
{"level":"info","message":"ruta: /admin/acercade/activarForm - ::1 - [22-06-2024 10:58]"}
{"level":"info","message":"ruta: /admin/acercade/cabecera - ::1 - [22-06-2024 10:58]"}
{"level":"info","message":"ruta: /admin/acercade/cabecera - ::1 - [22-06-2024 11:00]"}
{"level":"info","message":"ruta: /admin/acercade/cabecera - ::1 - [22-06-2024 11:10]"}
{"level":"info","message":"ruta: /admin/acercade/cabecera - ::1 - [22-06-2024 11:10]"}
{"level":"info","message":"ruta: /admin/acercade/cabecera - ::1 - [22-06-2024 11:14]"}
{"level":"info","message":"ruta: /admin/acercade/cabecera - ::1 - [22-06-2024 11:14]"}
{"level":"info","message":"ruta: /admin/acercade/cabecera - ::1 - [22-06-2024 11:16]"}
{"level":"info","message":"ruta: /admin/acercade/idserial/1 - ::1 - [22-06-2024 13:38]"}
{"level":"info","message":"ruta: /admin/acercade - ::1 - [22-06-2024 13:38]"}
{"level":"info","message":"ruta: /admin/acercade/upload/img/ACERCADE/acercade-img2.jpg - ::1 - [22-06-2024 13:38]"}
{"level":"info","message":"ruta: /admin/acercade/activarForm - ::1 - [22-06-2024 13:38]"}
{"level":"info","message":"ruta: /admin/acercade/cabecera - ::1 - [22-06-2024 13:38]"}
{"level":"info","message":"ruta: /admin/acercade/cabecera - ::1 - [22-06-2024 13:38]"}
{"level":"info","message":"ruta: /admin/acercade/activarForm - ::1 - [22-06-2024 13:39]"}
{"level":"info","message":"ruta: /admin/acercade/cabecera - ::1 - [22-06-2024 13:39]"}
{"level":"info","message":"ruta: /admin/acercade/cabecera - ::1 - [22-06-2024 13:39]"}
{"level":"info","message":"ruta: /admin/acercade - ::1 - [22-06-2024 13:39]"}
{"level":"info","message":"ruta: /admin/acercade/idserial/1 - ::1 - [22-06-2024 13:40]"}
{"level":"info","message":"ruta: /admin/acercade - ::1 - [22-06-2024 13:40]"}
{"level":"info","message":"ruta: /admin/acercade/upload/img/ACERCADE/acercade-img2.jpg - ::1 - [22-06-2024 13:40]"}
{"level":"info","message":"ruta: /admin/acercade/cabecera - ::1 - [22-06-2024 13:41]"}
{"level":"info","message":"ruta: /admin/acercade/activarForm - ::1 - [22-06-2024 13:41]"}
{"level":"info","message":"ruta: /admin/acercade/cabecera - ::1 - [22-06-2024 13:41]"}
{"level":"info","message":"ruta: /admin/acercade/cabecera - ::1 - [22-06-2024 13:42]"}
{"level":"info","message":"ruta: /admin/acercade/cabecera - ::1 - [22-06-2024 13:42]"}
{"level":"info","message":"ruta: /admin/acercade/cabecera - ::1 - [22-06-2024 13:42]"}
{"level":"info","message":"ruta: /admin/acercade/cabecera - ::1 - [22-06-2024 13:42]"}
{"level":"info","message":"ruta: /admin/acercade/cabecera - ::1 - [22-06-2024 13:42]"}
{"level":"info","message":"ruta: /admin/acercade/cabecera - ::1 - [22-06-2024 13:42]"}
{"level":"info","message":"ruta: /admin/acercade/cabecera - ::1 - [22-06-2024 13:42]"}
{"level":"info","message":"ruta: /admin/acercade/cabecera - ::1 - [22-06-2024 13:43]"}
{"level":"info","message":"ruta: /admin/acercade/cabecera - ::1 - [22-06-2024 13:43]"}
{"level":"info","message":"ruta: /admin/acercade/cabecera - ::1 - [22-06-2024 13:43]"}
{"level":"info","message":"ruta: /admin/acercade - ::1 - [22-06-2024 13:43]"}
{"level":"info","message":"ruta: /admin/acercade/cabecera - ::1 - [22-06-2024 13:43]"}
{"level":"info","message":"ruta: /admin/acercade/activarForm - ::1 - [22-06-2024 13:43]"}
{"level":"info","message":"ruta: /admin/acercade/cabecera - ::1 - [22-06-2024 13:43]"}
{"level":"info","message":"ruta: /admin/acercade/cabecera - ::1 - [22-06-2024 13:44]"}
{"level":"info","message":"ruta: /admin/acercade/cabecera - ::1 - [22-06-2024 13:46]"}
{"level":"info","message":"ruta: /admin/acercade/cabecera - ::1 - [22-06-2024 13:47]"}
{"level":"info","message":"ruta: /admin/acercade/cabecera - ::1 - [22-06-2024 13:47]"}
{"level":"info","message":"ruta: /admin/acercade/cabecera - ::1 - [22-06-2024 13:47]"}
